<?xml version="1.0" encoding="UTF-8" ?>
<testsuite tests="30" failures="0" name="uk.ac.ed.inf.powergrab.AppTest" time="0.003" errors="0" skipped="0">
  <properties>
    <property name="java.runtime.name" value="Java(TM) SE Runtime Environment"/>
    <property name="java.vm.version" value="9.0.1+11"/>
    <property name="sun.boot.library.path" value="/Library/Java/JavaVirtualMachines/jdk-9.0.1.jdk/Contents/Home/lib"/>
    <property name="gopherProxySet" value="false"/>
    <property name="maven.multiModuleProjectDirectory" value="/Users/phr/eclipse-workspace/powergrab"/>
    <property name="java.vm.vendor" value="Oracle Corporation"/>
    <property name="java.vendor.url" value="http://java.oracle.com/"/>
    <property name="guice.disable.misplaced.annotation.check" value="true"/>
    <property name="path.separator" value=":"/>
    <property name="java.vm.name" value="Java HotSpot(TM) 64-Bit Server VM"/>
    <property name="file.encoding.pkg" value="sun.io"/>
    <property name="sun.os.patch.level" value="unknown"/>
    <property name="user.country" value="GB"/>
    <property name="sun.java.launcher" value="SUN_STANDARD"/>
    <property name="java.vm.specification.name" value="Java Virtual Machine Specification"/>
    <property name="user.dir" value="/Users/phr/eclipse-workspace/powergrab"/>
    <property name="java.vm.compressedOopsMode" value="Zero based"/>
    <property name="java.runtime.version" value="9.0.1+11"/>
    <property name="java.awt.graphicsenv" value="sun.awt.CGraphicsEnvironment"/>
    <property name="os.arch" value="x86_64"/>
    <property name="java.io.tmpdir" value="/var/folders/r2/g5mpgc2d2zsdkjr9j07799pc0000gn/T/"/>
    <property name="line.separator" value="
"/>
    <property name="java.vm.specification.vendor" value="Oracle Corporation"/>
    <property name="os.name" value="Mac OS X"/>
    <property name="classworlds.conf" value="/Users/phr/eclipse-workspace/.metadata/.plugins/org.eclipse.m2e.launching/launches/m2conf16159683983614855817.tmp"/>
    <property name="sun.jnu.encoding" value="UTF-8"/>
    <property name="java.library.path" value="/Users/phr/Library/Java/Extensions:/Library/Java/Extensions:/Network/Library/Java/Extensions:/System/Library/Java/Extensions:/usr/lib/java:."/>
    <property name="jdk.debug" value="release"/>
    <property name="java.class.version" value="53.0"/>
    <property name="java.specification.name" value="Java Platform API Specification"/>
    <property name="sun.management.compiler" value="HotSpot 64-Bit Tiered Compilers"/>
    <property name="os.version" value="10.14.6"/>
    <property name="http.nonProxyHosts" value="local|*.local|169.254/16|*.169.254/16"/>
    <property name="user.home" value="/Users/phr"/>
    <property name="user.timezone" value="Europe/London"/>
    <property name="java.awt.printerjob" value="sun.lwawt.macosx.CPrinterJob"/>
    <property name="file.encoding" value="UTF-8"/>
    <property name="java.specification.version" value="9"/>
    <property name="user.name" value="phr"/>
    <property name="java.class.path" value="/Users/phr/.p2/pool/plugins/org.eclipse.m2e.maven.runtime_1.9.1.20180912-1600/jars/plexus-classworlds-2.5.2.jar"/>
    <property name="org.slf4j.simpleLogger.defaultLogLevel" value="debug"/>
    <property name="java.vm.specification.version" value="9"/>
    <property name="sun.arch.data.model" value="64"/>
    <property name="sun.java.command" value="org.codehaus.plexus.classworlds.launcher.Launcher -B -X -e package"/>
    <property name="java.home" value="/Library/Java/JavaVirtualMachines/jdk-9.0.1.jdk/Contents/Home"/>
    <property name="user.language" value="en"/>
    <property name="java.specification.vendor" value="Oracle Corporation"/>
    <property name="awt.toolkit" value="sun.lwawt.macosx.LWCToolkit"/>
    <property name="java.vm.info" value="mixed mode"/>
    <property name="java.version" value="9.0.1"/>
    <property name="java.vendor" value="Oracle Corporation"/>
    <property name="maven.home" value="/Users/phr/eclipse-workspace/powergrab/EMBEDDED"/>
    <property name="file.separator" value="/"/>
    <property name="java.vendor.url.bug" value="http://bugreport.java.com/bugreport/"/>
    <property name="sun.io.unicode.encoding" value="UnicodeBig"/>
    <property name="sun.cpu.endian" value="little"/>
    <property name="socksNonProxyHosts" value="local|*.local|169.254/16|*.169.254/16"/>
    <property name="ftp.nonProxyHosts" value="local|*.local|169.254/16|*.169.254/16"/>
    <property name="sun.cpu.isalist" value=""/>
  </properties>
  <testcase classname="uk.ac.ed.inf.powergrab.AppTest" name="testEastThenWest" time="0.002"/>
  <testcase classname="uk.ac.ed.inf.powergrab.AppTest" name="testNorthSouthEastWest" time="0"/>
  <testcase classname="uk.ac.ed.inf.powergrab.AppTest" name="testNorthEastThenSouthEastThenSouthWestThenNorthWest" time="0"/>
  <testcase classname="uk.ac.ed.inf.powergrab.AppTest" name="testNorthThenEastIsNotNorthEast" time="0"/>
  <testcase classname="uk.ac.ed.inf.powergrab.AppTest" name="testNEisNorthEast" time="0"/>
  <testcase classname="uk.ac.ed.inf.powergrab.AppTest" name="testNNEisNorthEast" time="0"/>
  <testcase classname="uk.ac.ed.inf.powergrab.AppTest" name="testENEisNorthEast" time="0"/>
  <testcase classname="uk.ac.ed.inf.powergrab.AppTest" name="testSWisSouthWest" time="0"/>
  <testcase classname="uk.ac.ed.inf.powergrab.AppTest" name="testWSWisSouthWest" time="0"/>
  <testcase classname="uk.ac.ed.inf.powergrab.AppTest" name="testSSWisSouthWest" time="0"/>
  <testcase classname="uk.ac.ed.inf.powergrab.AppTest" name="testNorthEastThenSouthWest" time="0"/>
  <testcase classname="uk.ac.ed.inf.powergrab.AppTest" name="testNorthWestThenSouthEast" time="0"/>
  <testcase classname="uk.ac.ed.inf.powergrab.AppTest" name="testSouthEastThenNorthWest" time="0"/>
  <testcase classname="uk.ac.ed.inf.powergrab.AppTest" name="testSouthWestThenNorthEast" time="0"/>
  <testcase classname="uk.ac.ed.inf.powergrab.AppTest" name="testNorthNorthEastThenSouthSouthWest" time="0"/>
  <testcase classname="uk.ac.ed.inf.powergrab.AppTest" name="testEastNorthEastThenWestSouthWest" time="0"/>
  <testcase classname="uk.ac.ed.inf.powergrab.AppTest" name="testNorthNorthWestThenSouthSouthEast" time="0"/>
  <testcase classname="uk.ac.ed.inf.powergrab.AppTest" name="testEastSouthEastThenWestNorthWest" time="0"/>
  <testcase classname="uk.ac.ed.inf.powergrab.AppTest" name="testSSEthenS" time="0"/>
  <testcase classname="uk.ac.ed.inf.powergrab.AppTest" name="testSSEthenSthenSE" time="0"/>
  <testcase classname="uk.ac.ed.inf.powergrab.AppTest" name="testSSEthenSthenSEthenNE" time="0"/>
  <testcase classname="uk.ac.ed.inf.powergrab.AppTest" name="testSSEthenSthenSEthenNEthenWNW" time="0"/>
  <testcase classname="uk.ac.ed.inf.powergrab.AppTest" name="testPositionConstructor" time="0"/>
  <testcase classname="uk.ac.ed.inf.powergrab.AppTest" name="testPositionLatitude" time="0"/>
  <testcase classname="uk.ac.ed.inf.powergrab.AppTest" name="testPositionLongitude" time="0"/>
  <testcase classname="uk.ac.ed.inf.powergrab.AppTest" name="testCentreInPlayArea" time="0"/>
  <testcase classname="uk.ac.ed.inf.powergrab.AppTest" name="testBoundaryOutOfPlayArea" time="0"/>
  <testcase classname="uk.ac.ed.inf.powergrab.AppTest" name="testPositionOutOfPlayArea" time="0"/>
  <testcase classname="uk.ac.ed.inf.powergrab.AppTest" name="testNextPositionNotIdentity" time="0.001"/>
  <testcase classname="uk.ac.ed.inf.powergrab.AppTest" name="testNorthThenSouth" time="0"/>
</testsuite>